<?xml version="1.0" encoding="UTF-8"?>
<coverage generated="1537778963515" clover="3.2.0">
  <project timestamp="1537778963515" name="All files">
    <metrics statements="46" coveredstatements="46" conditionals="26" coveredconditionals="26" methods="13" coveredmethods="13" elements="85" coveredelements="85" complexity="0" loc="46" ncloc="46" packages="1" files="4" classes="4">
      <file name="consts.js" path="/Users/melkor/www/react-downcount/src/consts.js">
        <metrics statements="4" coveredstatements="4" conditionals="0" coveredconditionals="0" methods="0" coveredmethods="0"/>
        <line num="1" count="1" type="stmt"/>
        <line num="2" count="1" type="stmt"/>
        <line num="3" count="1" type="stmt"/>
        <line num="4" count="1" type="stmt"/>
      </file>
      <file name="index.js" path="/Users/melkor/www/react-downcount/src/index.js">
        <metrics statements="39" coveredstatements="39" conditionals="26" coveredconditionals="26" methods="11" coveredmethods="11"/>
        <line num="13" count="1" type="stmt"/>
        <line num="44" count="20" type="cond" truecount="2" falsecount="0"/>
        <line num="45" count="12" type="stmt"/>
        <line num="47" count="8" type="stmt"/>
        <line num="54" count="16" type="stmt"/>
        <line num="58" count="1977" type="cond" truecount="2" falsecount="0"/>
        <line num="59" count="1" type="stmt"/>
        <line num="60" count="1" type="stmt"/>
        <line num="65" count="1" type="stmt"/>
        <line num="88" count="11" type="stmt"/>
        <line num="92" count="1970" type="stmt"/>
        <line num="93" count="1970" type="cond" truecount="2" falsecount="0"/>
        <line num="94" count="2" type="stmt"/>
        <line num="95" count="2" type="stmt"/>
        <line num="97" count="1968" type="stmt"/>
        <line num="103" count="1982" type="stmt"/>
        <line num="105" count="1982" type="stmt"/>
        <line num="107" count="1982" type="stmt"/>
        <line num="114" count="1982" type="stmt"/>
        <line num="116" count="1982" type="cond" truecount="4" falsecount="0"/>
        <line num="117" count="8" type="stmt"/>
        <line num="118" count="8" type="stmt"/>
        <line num="120" count="1982" type="cond" truecount="4" falsecount="0"/>
        <line num="121" count="7" type="stmt"/>
        <line num="122" count="7" type="stmt"/>
        <line num="124" count="1982" type="cond" truecount="4" falsecount="0"/>
        <line num="125" count="10" type="stmt"/>
        <line num="126" count="10" type="stmt"/>
        <line num="128" count="1982" type="stmt"/>
        <line num="130" count="1982" type="stmt"/>
        <line num="134" count="9" type="stmt"/>
        <line num="135" count="9" type="cond" truecount="2" falsecount="0"/>
        <line num="136" count="2" type="stmt"/>
        <line num="137" count="2" type="stmt"/>
        <line num="142" count="7" type="stmt"/>
        <line num="143" count="7" type="cond" truecount="2" falsecount="0"/>
        <line num="156" count="36" type="stmt"/>
        <line num="158" count="36" type="stmt"/>
        <line num="160" count="36" type="stmt"/>
      </file>
      <file name="renderer.js" path="/Users/melkor/www/react-downcount/src/renderer.js">
        <metrics statements="2" coveredstatements="2" conditionals="0" coveredconditionals="0" methods="1" coveredmethods="1"/>
        <line num="6" count="1" type="stmt"/>
        <line num="7" count="34" type="stmt"/>
      </file>
      <file name="utils.js" path="/Users/melkor/www/react-downcount/src/utils.js">
        <metrics statements="1" coveredstatements="1" conditionals="0" coveredconditionals="0" methods="1" coveredmethods="1"/>
        <line num="2" count="105" type="stmt"/>
      </file>
    </metrics>
  </project>
</coverage>
