<?xml version="1.0" encoding="UTF-8"?>
<coverage generated="1537636082049" clover="3.2.0">
  <project timestamp="1537636082050" name="All files">
    <metrics statements="45" coveredstatements="45" conditionals="22" coveredconditionals="22" methods="13" coveredmethods="13" elements="80" coveredelements="80" complexity="0" loc="45" ncloc="45" packages="1" files="4" classes="4">
      <file name="consts.js" path="/Users/melkor/www/react.countdown/src/consts.js">
        <metrics statements="4" coveredstatements="4" conditionals="0" coveredconditionals="0" methods="0" coveredmethods="0"/>
        <line num="1" count="1" type="stmt"/>
        <line num="2" count="1" type="stmt"/>
        <line num="3" count="1" type="stmt"/>
        <line num="4" count="1" type="stmt"/>
      </file>
      <file name="index.js" path="/Users/melkor/www/react.countdown/src/index.js">
        <metrics statements="38" coveredstatements="38" conditionals="22" coveredconditionals="22" methods="11" coveredmethods="11"/>
        <line num="13" count="1" type="stmt"/>
        <line num="43" count="16" type="cond" truecount="2" falsecount="0"/>
        <line num="44" count="9" type="stmt"/>
        <line num="46" count="7" type="stmt"/>
        <line num="53" count="14" type="stmt"/>
        <line num="57" count="1869" type="cond" truecount="2" falsecount="0"/>
        <line num="58" count="1" type="stmt"/>
        <line num="59" count="1" type="stmt"/>
        <line num="64" count="1" type="stmt"/>
        <line num="85" count="9" type="stmt"/>
        <line num="89" count="1863" type="stmt"/>
        <line num="90" count="1863" type="cond" truecount="2" falsecount="0"/>
        <line num="91" count="2" type="stmt"/>
        <line num="92" count="2" type="stmt"/>
        <line num="94" count="1861" type="stmt"/>
        <line num="100" count="1873" type="stmt"/>
        <line num="102" count="1873" type="stmt"/>
        <line num="104" count="1873" type="stmt"/>
        <line num="111" count="1873" type="stmt"/>
        <line num="113" count="1873" type="cond" truecount="4" falsecount="0"/>
        <line num="114" count="7" type="stmt"/>
        <line num="115" count="7" type="stmt"/>
        <line num="117" count="1873" type="cond" truecount="4" falsecount="0"/>
        <line num="118" count="6" type="stmt"/>
        <line num="119" count="6" type="stmt"/>
        <line num="121" count="1873" type="cond" truecount="4" falsecount="0"/>
        <line num="122" count="8" type="stmt"/>
        <line num="123" count="8" type="stmt"/>
        <line num="125" count="1873" type="stmt"/>
        <line num="127" count="1873" type="stmt"/>
        <line num="131" count="1" type="stmt"/>
        <line num="132" count="1" type="stmt"/>
        <line num="133" count="1" type="stmt"/>
        <line num="137" count="7" type="stmt"/>
        <line num="138" count="7" type="cond" truecount="2" falsecount="0"/>
        <line num="151" count="25" type="stmt"/>
        <line num="153" count="25" type="stmt"/>
        <line num="155" count="25" type="stmt"/>
      </file>
      <file name="renderer.js" path="/Users/melkor/www/react.countdown/src/renderer.js">
        <metrics statements="2" coveredstatements="2" conditionals="0" coveredconditionals="0" methods="1" coveredmethods="1"/>
        <line num="6" count="1" type="stmt"/>
        <line num="7" count="23" type="stmt"/>
      </file>
      <file name="utils.js" path="/Users/melkor/www/react.countdown/src/utils.js">
        <metrics statements="1" coveredstatements="1" conditionals="0" coveredconditionals="0" methods="1" coveredmethods="1"/>
        <line num="2" count="72" type="stmt"/>
      </file>
    </metrics>
  </project>
</coverage>
