{"/Users/melkor/www/react.countdown/src/consts.js": {"path":"/Users/melkor/www/react.countdown/src/consts.js","statementMap":{"0":{"start":{"line":1,"column":42},"end":{"line":1,"column":46}},"1":{"start":{"line":2,"column":42},"end":{"line":2,"column":73}},"2":{"start":{"line":3,"column":40},"end":{"line":3,"column":71}},"3":{"start":{"line":4,"column":39},"end":{"line":4,"column":68}}},"fnMap":{},"branchMap":{},"s":{"0":1,"1":1,"2":1,"3":1},"f":{},"b":{},"_coverageSchema":"332fd63041d2c1bcb487cc26dd0d5f7d97098a6c","hash":"309724aa836d666899529d2ad2f13e583a70402e"}
,"/Users/melkor/www/react.countdown/src/index.js": {"path":"/Users/melkor/www/react.countdown/src/index.js","statementMap":{"0":{"start":{"line":13,"column":22},"end":{"line":19,"column":1}},"1":{"start":{"line":43,"column":4},"end":{"line":45,"column":5}},"2":{"start":{"line":44,"column":6},"end":{"line":44,"column":17}},"3":{"start":{"line":46,"column":4},"end":{"line":46,"column":14}},"4":{"start":{"line":53,"column":4},"end":{"line":53,"column":15}},"5":{"start":{"line":57,"column":4},"end":{"line":60,"column":5}},"6":{"start":{"line":58,"column":6},"end":{"line":58,"column":17}},"7":{"start":{"line":59,"column":6},"end":{"line":59,"column":17}},"8":{"start":{"line":64,"column":4},"end":{"line":64,"column":15}},"9":{"start":{"line":85,"column":4},"end":{"line":85,"column":50}},"10":{"start":{"line":89,"column":16},"end":{"line":89,"column":26}},"11":{"start":{"line":90,"column":4},"end":{"line":95,"column":5}},"12":{"start":{"line":91,"column":6},"end":{"line":91,"column":17}},"13":{"start":{"line":92,"column":6},"end":{"line":92,"column":21}},"14":{"start":{"line":94,"column":6},"end":{"line":94,"column":22}},"15":{"start":{"line":100,"column":15},"end":{"line":100,"column":55}},"16":{"start":{"line":102,"column":4},"end":{"line":102,"column":41}},"17":{"start":{"line":104,"column":21},"end":{"line":109,"column":5}},"18":{"start":{"line":111,"column":46},"end":{"line":111,"column":56}},"19":{"start":{"line":113,"column":4},"end":{"line":116,"column":5}},"20":{"start":{"line":114,"column":6},"end":{"line":114,"column":64}},"21":{"start":{"line":115,"column":6},"end":{"line":115,"column":53}},"22":{"start":{"line":117,"column":4},"end":{"line":120,"column":5}},"23":{"start":{"line":118,"column":6},"end":{"line":118,"column":64}},"24":{"start":{"line":119,"column":6},"end":{"line":119,"column":53}},"25":{"start":{"line":121,"column":4},"end":{"line":124,"column":5}},"26":{"start":{"line":122,"column":6},"end":{"line":122,"column":67}},"27":{"start":{"line":123,"column":6},"end":{"line":123,"column":56}},"28":{"start":{"line":125,"column":4},"end":{"line":125,"column":43}},"29":{"start":{"line":127,"column":4},"end":{"line":127,"column":27}},"30":{"start":{"line":131,"column":4},"end":{"line":131,"column":39}},"31":{"start":{"line":132,"column":4},"end":{"line":132,"column":34}},"32":{"start":{"line":133,"column":4},"end":{"line":133,"column":26}},"33":{"start":{"line":137,"column":28},"end":{"line":137,"column":38}},"34":{"start":{"line":138,"column":4},"end":{"line":138,"column":32}},"35":{"start":{"line":151,"column":8},"end":{"line":151,"column":18}},"36":{"start":{"line":153,"column":38},"end":{"line":153,"column":48}},"37":{"start":{"line":155,"column":4},"end":{"line":159,"column":5}}},"fnMap":{"0":{"name":"(anonymous_0)","decl":{"start":{"line":42,"column":21},"end":{"line":42,"column":22}},"loc":{"start":{"line":42,"column":30},"end":{"line":47,"column":3}},"line":42},"1":{"name":"(anonymous_1)","decl":{"start":{"line":52,"column":2},"end":{"line":52,"column":3}},"loc":{"start":{"line":52,"column":23},"end":{"line":54,"column":3}},"line":52},"2":{"name":"(anonymous_2)","decl":{"start":{"line":56,"column":2},"end":{"line":56,"column":3}},"loc":{"start":{"line":56,"column":32},"end":{"line":61,"column":3}},"line":56},"3":{"name":"(anonymous_3)","decl":{"start":{"line":63,"column":2},"end":{"line":63,"column":3}},"loc":{"start":{"line":63,"column":25},"end":{"line":65,"column":3}},"line":63},"4":{"name":"(anonymous_4)","decl":{"start":{"line":67,"column":9},"end":{"line":67,"column":10}},"loc":{"start":{"line":67,"column":15},"end":{"line":82,"column":3}},"line":67},"5":{"name":"(anonymous_5)","decl":{"start":{"line":84,"column":10},"end":{"line":84,"column":11}},"loc":{"start":{"line":84,"column":16},"end":{"line":86,"column":3}},"line":84},"6":{"name":"(anonymous_6)","decl":{"start":{"line":88,"column":9},"end":{"line":88,"column":10}},"loc":{"start":{"line":88,"column":15},"end":{"line":96,"column":3}},"line":88},"7":{"name":"(anonymous_7)","decl":{"start":{"line":98,"column":11},"end":{"line":98,"column":12}},"loc":{"start":{"line":98,"column":20},"end":{"line":128,"column":3}},"line":98},"8":{"name":"(anonymous_8)","decl":{"start":{"line":130,"column":9},"end":{"line":130,"column":10}},"loc":{"start":{"line":130,"column":15},"end":{"line":134,"column":3}},"line":130},"9":{"name":"(anonymous_9)","decl":{"start":{"line":136,"column":13},"end":{"line":136,"column":14}},"loc":{"start":{"line":136,"column":19},"end":{"line":139,"column":3}},"line":136},"10":{"name":"(anonymous_10)","decl":{"start":{"line":141,"column":2},"end":{"line":141,"column":3}},"loc":{"start":{"line":141,"column":11},"end":{"line":160,"column":3}},"line":141}},"branchMap":{"0":{"loc":{"start":{"line":43,"column":4},"end":{"line":45,"column":5}},"type":"if","locations":[{"start":{"line":43,"column":4},"end":{"line":45,"column":5}},{"start":{"line":43,"column":4},"end":{"line":45,"column":5}}],"line":43},"1":{"loc":{"start":{"line":57,"column":4},"end":{"line":60,"column":5}},"type":"if","locations":[{"start":{"line":57,"column":4},"end":{"line":60,"column":5}},{"start":{"line":57,"column":4},"end":{"line":60,"column":5}}],"line":57},"2":{"loc":{"start":{"line":90,"column":4},"end":{"line":95,"column":5}},"type":"if","locations":[{"start":{"line":90,"column":4},"end":{"line":95,"column":5}},{"start":{"line":90,"column":4},"end":{"line":95,"column":5}}],"line":90},"3":{"loc":{"start":{"line":113,"column":4},"end":{"line":116,"column":5}},"type":"if","locations":[{"start":{"line":113,"column":4},"end":{"line":116,"column":5}},{"start":{"line":113,"column":4},"end":{"line":116,"column":5}}],"line":113},"4":{"loc":{"start":{"line":113,"column":8},"end":{"line":113,"column":50}},"type":"binary-expr","locations":[{"start":{"line":113,"column":8},"end":{"line":113,"column":15}},{"start":{"line":113,"column":19},"end":{"line":113,"column":50}}],"line":113},"5":{"loc":{"start":{"line":117,"column":4},"end":{"line":120,"column":5}},"type":"if","locations":[{"start":{"line":117,"column":4},"end":{"line":120,"column":5}},{"start":{"line":117,"column":4},"end":{"line":120,"column":5}}],"line":117},"6":{"loc":{"start":{"line":117,"column":8},"end":{"line":117,"column":52}},"type":"binary-expr","locations":[{"start":{"line":117,"column":8},"end":{"line":117,"column":16}},{"start":{"line":117,"column":20},"end":{"line":117,"column":52}}],"line":117},"7":{"loc":{"start":{"line":121,"column":4},"end":{"line":124,"column":5}},"type":"if","locations":[{"start":{"line":121,"column":4},"end":{"line":124,"column":5}},{"start":{"line":121,"column":4},"end":{"line":124,"column":5}}],"line":121},"8":{"loc":{"start":{"line":121,"column":8},"end":{"line":121,"column":56}},"type":"binary-expr","locations":[{"start":{"line":121,"column":8},"end":{"line":121,"column":18}},{"start":{"line":121,"column":22},"end":{"line":121,"column":56}}],"line":121},"9":{"loc":{"start":{"line":138,"column":4},"end":{"line":138,"column":32}},"type":"binary-expr","locations":[{"start":{"line":138,"column":4},"end":{"line":138,"column":15}},{"start":{"line":138,"column":19},"end":{"line":138,"column":32}}],"line":138},"10":{"loc":{"start":{"line":156,"column":22},"end":{"line":156,"column":51}},"type":"binary-expr","locations":[{"start":{"line":156,"column":22},"end":{"line":156,"column":31}},{"start":{"line":156,"column":35},"end":{"line":156,"column":51}}],"line":156}},"s":{"0":1,"1":16,"2":9,"3":7,"4":14,"5":1869,"6":1,"7":1,"8":1,"9":9,"10":1863,"11":1863,"12":2,"13":2,"14":1861,"15":1873,"16":1873,"17":1873,"18":1873,"19":1873,"20":7,"21":7,"22":1873,"23":6,"24":6,"25":1873,"26":8,"27":8,"28":1873,"29":1873,"30":1,"31":1,"32":1,"33":7,"34":7,"35":25,"36":25,"37":25},"f":{"0":16,"1":14,"2":1869,"3":1,"4":14,"5":9,"6":1863,"7":1873,"8":1,"9":7,"10":25},"b":{"0":[9,7],"1":[1,1868],"2":[2,1861],"3":[7,1866],"4":[1873,1871],"5":[6,1867],"6":[1873,1871],"7":[8,1865],"8":[1873,1871],"9":[7,3],"10":[25,25]},"_coverageSchema":"332fd63041d2c1bcb487cc26dd0d5f7d97098a6c","hash":"d818cf28e6de288f98ff2d6fca4cc5b0ceddfe48"}
,"/Users/melkor/www/react.countdown/src/renderer.js": {"path":"/Users/melkor/www/react.countdown/src/renderer.js","statementMap":{"0":{"start":{"line":6,"column":17},"end":{"line":7,"column":93}},"1":{"start":{"line":7,"column":2},"end":{"line":7,"column":93}}},"fnMap":{"0":{"name":"(anonymous_0)","decl":{"start":{"line":6,"column":17},"end":{"line":6,"column":18}},"loc":{"start":{"line":7,"column":2},"end":{"line":7,"column":93}},"line":7}},"branchMap":{},"s":{"0":1,"1":23},"f":{"0":23},"b":{},"_coverageSchema":"332fd63041d2c1bcb487cc26dd0d5f7d97098a6c","hash":"3c835e8405da357c254fe0af92c673f2cccaf94b"}
,"/Users/melkor/www/react.countdown/src/utils.js": {"path":"/Users/melkor/www/react.countdown/src/utils.js","statementMap":{"0":{"start":{"line":2,"column":2},"end":{"line":2,"column":37}}},"fnMap":{"0":{"name":"doubleDigit","decl":{"start":{"line":1,"column":16},"end":{"line":1,"column":27}},"loc":{"start":{"line":1,"column":33},"end":{"line":3,"column":1}},"line":1}},"branchMap":{},"s":{"0":72},"f":{"0":72},"b":{},"_coverageSchema":"332fd63041d2c1bcb487cc26dd0d5f7d97098a6c","hash":"19ce0b37b2a9a607b97eaea7aa775a4c29074455"}
}
