{"/Users/melkor/www/react-downcount/src/consts.js": {"path":"/Users/melkor/www/react-downcount/src/consts.js","statementMap":{"0":{"start":{"line":1,"column":42},"end":{"line":1,"column":46}},"1":{"start":{"line":2,"column":42},"end":{"line":2,"column":73}},"2":{"start":{"line":3,"column":40},"end":{"line":3,"column":71}},"3":{"start":{"line":4,"column":39},"end":{"line":4,"column":68}}},"fnMap":{},"branchMap":{},"s":{"0":1,"1":1,"2":1,"3":1},"f":{},"b":{},"_coverageSchema":"332fd63041d2c1bcb487cc26dd0d5f7d97098a6c","hash":"98724164209d9e7b0e69ad735b0e79d9f0236819"}
,"/Users/melkor/www/react-downcount/src/index.js": {"path":"/Users/melkor/www/react-downcount/src/index.js","statementMap":{"0":{"start":{"line":13,"column":22},"end":{"line":20,"column":1}},"1":{"start":{"line":44,"column":4},"end":{"line":46,"column":5}},"2":{"start":{"line":45,"column":6},"end":{"line":45,"column":17}},"3":{"start":{"line":47,"column":4},"end":{"line":47,"column":14}},"4":{"start":{"line":54,"column":4},"end":{"line":54,"column":15}},"5":{"start":{"line":58,"column":4},"end":{"line":61,"column":5}},"6":{"start":{"line":59,"column":6},"end":{"line":59,"column":17}},"7":{"start":{"line":60,"column":6},"end":{"line":60,"column":17}},"8":{"start":{"line":65,"column":4},"end":{"line":65,"column":15}},"9":{"start":{"line":88,"column":4},"end":{"line":88,"column":50}},"10":{"start":{"line":92,"column":16},"end":{"line":92,"column":26}},"11":{"start":{"line":93,"column":4},"end":{"line":98,"column":5}},"12":{"start":{"line":94,"column":6},"end":{"line":94,"column":38}},"13":{"start":{"line":95,"column":6},"end":{"line":95,"column":21}},"14":{"start":{"line":97,"column":6},"end":{"line":97,"column":22}},"15":{"start":{"line":103,"column":15},"end":{"line":103,"column":55}},"16":{"start":{"line":105,"column":4},"end":{"line":105,"column":41}},"17":{"start":{"line":107,"column":21},"end":{"line":112,"column":5}},"18":{"start":{"line":114,"column":46},"end":{"line":114,"column":56}},"19":{"start":{"line":116,"column":4},"end":{"line":119,"column":5}},"20":{"start":{"line":117,"column":6},"end":{"line":117,"column":64}},"21":{"start":{"line":118,"column":6},"end":{"line":118,"column":53}},"22":{"start":{"line":120,"column":4},"end":{"line":123,"column":5}},"23":{"start":{"line":121,"column":6},"end":{"line":121,"column":64}},"24":{"start":{"line":122,"column":6},"end":{"line":122,"column":53}},"25":{"start":{"line":124,"column":4},"end":{"line":127,"column":5}},"26":{"start":{"line":125,"column":6},"end":{"line":125,"column":67}},"27":{"start":{"line":126,"column":6},"end":{"line":126,"column":56}},"28":{"start":{"line":128,"column":4},"end":{"line":128,"column":43}},"29":{"start":{"line":130,"column":4},"end":{"line":130,"column":27}},"30":{"start":{"line":134,"column":4},"end":{"line":134,"column":52}},"31":{"start":{"line":135,"column":4},"end":{"line":138,"column":5}},"32":{"start":{"line":136,"column":6},"end":{"line":136,"column":36}},"33":{"start":{"line":137,"column":6},"end":{"line":137,"column":28}},"34":{"start":{"line":142,"column":28},"end":{"line":142,"column":38}},"35":{"start":{"line":143,"column":4},"end":{"line":143,"column":32}},"36":{"start":{"line":156,"column":8},"end":{"line":156,"column":18}},"37":{"start":{"line":158,"column":51},"end":{"line":158,"column":61}},"38":{"start":{"line":160,"column":4},"end":{"line":164,"column":5}}},"fnMap":{"0":{"name":"(anonymous_0)","decl":{"start":{"line":43,"column":21},"end":{"line":43,"column":22}},"loc":{"start":{"line":43,"column":30},"end":{"line":48,"column":3}},"line":43},"1":{"name":"(anonymous_1)","decl":{"start":{"line":53,"column":2},"end":{"line":53,"column":3}},"loc":{"start":{"line":53,"column":23},"end":{"line":55,"column":3}},"line":53},"2":{"name":"(anonymous_2)","decl":{"start":{"line":57,"column":2},"end":{"line":57,"column":3}},"loc":{"start":{"line":57,"column":32},"end":{"line":62,"column":3}},"line":57},"3":{"name":"(anonymous_3)","decl":{"start":{"line":64,"column":2},"end":{"line":64,"column":3}},"loc":{"start":{"line":64,"column":25},"end":{"line":66,"column":3}},"line":64},"4":{"name":"(anonymous_4)","decl":{"start":{"line":68,"column":9},"end":{"line":68,"column":10}},"loc":{"start":{"line":68,"column":15},"end":{"line":85,"column":3}},"line":68},"5":{"name":"(anonymous_5)","decl":{"start":{"line":87,"column":10},"end":{"line":87,"column":11}},"loc":{"start":{"line":87,"column":16},"end":{"line":89,"column":3}},"line":87},"6":{"name":"(anonymous_6)","decl":{"start":{"line":91,"column":9},"end":{"line":91,"column":10}},"loc":{"start":{"line":91,"column":15},"end":{"line":99,"column":3}},"line":91},"7":{"name":"(anonymous_7)","decl":{"start":{"line":101,"column":11},"end":{"line":101,"column":12}},"loc":{"start":{"line":101,"column":20},"end":{"line":131,"column":3}},"line":101},"8":{"name":"(anonymous_8)","decl":{"start":{"line":133,"column":9},"end":{"line":133,"column":10}},"loc":{"start":{"line":133,"column":43},"end":{"line":139,"column":3}},"line":133},"9":{"name":"(anonymous_9)","decl":{"start":{"line":141,"column":13},"end":{"line":141,"column":14}},"loc":{"start":{"line":141,"column":19},"end":{"line":144,"column":3}},"line":141},"10":{"name":"(anonymous_10)","decl":{"start":{"line":146,"column":2},"end":{"line":146,"column":3}},"loc":{"start":{"line":146,"column":11},"end":{"line":165,"column":3}},"line":146}},"branchMap":{"0":{"loc":{"start":{"line":44,"column":4},"end":{"line":46,"column":5}},"type":"if","locations":[{"start":{"line":44,"column":4},"end":{"line":46,"column":5}},{"start":{"line":44,"column":4},"end":{"line":46,"column":5}}],"line":44},"1":{"loc":{"start":{"line":58,"column":4},"end":{"line":61,"column":5}},"type":"if","locations":[{"start":{"line":58,"column":4},"end":{"line":61,"column":5}},{"start":{"line":58,"column":4},"end":{"line":61,"column":5}}],"line":58},"2":{"loc":{"start":{"line":93,"column":4},"end":{"line":98,"column":5}},"type":"if","locations":[{"start":{"line":93,"column":4},"end":{"line":98,"column":5}},{"start":{"line":93,"column":4},"end":{"line":98,"column":5}}],"line":93},"3":{"loc":{"start":{"line":116,"column":4},"end":{"line":119,"column":5}},"type":"if","locations":[{"start":{"line":116,"column":4},"end":{"line":119,"column":5}},{"start":{"line":116,"column":4},"end":{"line":119,"column":5}}],"line":116},"4":{"loc":{"start":{"line":116,"column":8},"end":{"line":116,"column":50}},"type":"binary-expr","locations":[{"start":{"line":116,"column":8},"end":{"line":116,"column":15}},{"start":{"line":116,"column":19},"end":{"line":116,"column":50}}],"line":116},"5":{"loc":{"start":{"line":120,"column":4},"end":{"line":123,"column":5}},"type":"if","locations":[{"start":{"line":120,"column":4},"end":{"line":123,"column":5}},{"start":{"line":120,"column":4},"end":{"line":123,"column":5}}],"line":120},"6":{"loc":{"start":{"line":120,"column":8},"end":{"line":120,"column":52}},"type":"binary-expr","locations":[{"start":{"line":120,"column":8},"end":{"line":120,"column":16}},{"start":{"line":120,"column":20},"end":{"line":120,"column":52}}],"line":120},"7":{"loc":{"start":{"line":124,"column":4},"end":{"line":127,"column":5}},"type":"if","locations":[{"start":{"line":124,"column":4},"end":{"line":127,"column":5}},{"start":{"line":124,"column":4},"end":{"line":127,"column":5}}],"line":124},"8":{"loc":{"start":{"line":124,"column":8},"end":{"line":124,"column":56}},"type":"binary-expr","locations":[{"start":{"line":124,"column":8},"end":{"line":124,"column":18}},{"start":{"line":124,"column":22},"end":{"line":124,"column":56}}],"line":124},"9":{"loc":{"start":{"line":133,"column":10},"end":{"line":133,"column":38}},"type":"default-arg","locations":[{"start":{"line":133,"column":36},"end":{"line":133,"column":38}}],"line":133},"10":{"loc":{"start":{"line":133,"column":12},"end":{"line":133,"column":31}},"type":"default-arg","locations":[{"start":{"line":133,"column":26},"end":{"line":133,"column":31}}],"line":133},"11":{"loc":{"start":{"line":135,"column":4},"end":{"line":138,"column":5}},"type":"if","locations":[{"start":{"line":135,"column":4},"end":{"line":138,"column":5}},{"start":{"line":135,"column":4},"end":{"line":138,"column":5}}],"line":135},"12":{"loc":{"start":{"line":143,"column":4},"end":{"line":143,"column":32}},"type":"binary-expr","locations":[{"start":{"line":143,"column":4},"end":{"line":143,"column":15}},{"start":{"line":143,"column":19},"end":{"line":143,"column":32}}],"line":143},"13":{"loc":{"start":{"line":161,"column":22},"end":{"line":161,"column":51}},"type":"binary-expr","locations":[{"start":{"line":161,"column":22},"end":{"line":161,"column":31}},{"start":{"line":161,"column":35},"end":{"line":161,"column":51}}],"line":161}},"s":{"0":1,"1":20,"2":12,"3":8,"4":16,"5":1977,"6":1,"7":1,"8":1,"9":11,"10":1970,"11":1970,"12":2,"13":2,"14":1968,"15":1982,"16":1982,"17":1982,"18":1982,"19":1982,"20":8,"21":8,"22":1982,"23":7,"24":7,"25":1982,"26":10,"27":10,"28":1982,"29":1982,"30":9,"31":9,"32":2,"33":2,"34":7,"35":7,"36":36,"37":36,"38":36},"f":{"0":20,"1":16,"2":1977,"3":1,"4":17,"5":11,"6":1970,"7":1982,"8":9,"9":7,"10":36},"b":{"0":[12,8],"1":[1,1976],"2":[2,1968],"3":[8,1974],"4":[1982,1980],"5":[7,1975],"6":[1982,1980],"7":[10,1972],"8":[1982,1980],"9":[1],"10":[1],"11":[2,7],"12":[7,3],"13":[36,36]},"_coverageSchema":"332fd63041d2c1bcb487cc26dd0d5f7d97098a6c","hash":"7939304d28bf1e855efe919b335fe1dea94c1698"}
,"/Users/melkor/www/react-downcount/src/renderer.js": {"path":"/Users/melkor/www/react-downcount/src/renderer.js","statementMap":{"0":{"start":{"line":6,"column":17},"end":{"line":7,"column":93}},"1":{"start":{"line":7,"column":2},"end":{"line":7,"column":93}}},"fnMap":{"0":{"name":"(anonymous_0)","decl":{"start":{"line":6,"column":17},"end":{"line":6,"column":18}},"loc":{"start":{"line":7,"column":2},"end":{"line":7,"column":93}},"line":7}},"branchMap":{},"s":{"0":1,"1":34},"f":{"0":34},"b":{},"_coverageSchema":"332fd63041d2c1bcb487cc26dd0d5f7d97098a6c","hash":"3075632329d9a69b1ebee186782a2480e659eab9"}
,"/Users/melkor/www/react-downcount/src/utils.js": {"path":"/Users/melkor/www/react-downcount/src/utils.js","statementMap":{"0":{"start":{"line":2,"column":2},"end":{"line":2,"column":37}}},"fnMap":{"0":{"name":"doubleDigit","decl":{"start":{"line":1,"column":16},"end":{"line":1,"column":27}},"loc":{"start":{"line":1,"column":33},"end":{"line":3,"column":1}},"line":1}},"branchMap":{},"s":{"0":105},"f":{"0":105},"b":{},"_coverageSchema":"332fd63041d2c1bcb487cc26dd0d5f7d97098a6c","hash":"a9444750a7ee0b4e7321ef46201c0d010a14edef"}
}
