TN:
SF:/Users/melkor/www/react.countdown/src/consts.js
FNF:0
FNH:0
DA:1,1
DA:2,1
DA:3,1
DA:4,1
LF:4
LH:4
BRF:0
BRH:0
end_of_record
TN:
SF:/Users/melkor/www/react.countdown/src/index.js
FN:42,(anonymous_0)
FN:52,(anonymous_1)
FN:56,(anonymous_2)
FN:63,(anonymous_3)
FN:67,(anonymous_4)
FN:84,(anonymous_5)
FN:88,(anonymous_6)
FN:98,(anonymous_7)
FN:130,(anonymous_8)
FN:136,(anonymous_9)
FN:141,(anonymous_10)
FNF:11
FNH:11
FNDA:16,(anonymous_0)
FNDA:14,(anonymous_1)
FNDA:1869,(anonymous_2)
FNDA:1,(anonymous_3)
FNDA:14,(anonymous_4)
FNDA:9,(anonymous_5)
FNDA:1863,(anonymous_6)
FNDA:1873,(anonymous_7)
FNDA:1,(anonymous_8)
FNDA:7,(anonymous_9)
FNDA:25,(anonymous_10)
DA:13,1
DA:43,16
DA:44,9
DA:46,7
DA:53,14
DA:57,1869
DA:58,1
DA:59,1
DA:64,1
DA:85,9
DA:89,1863
DA:90,1863
DA:91,2
DA:92,2
DA:94,1861
DA:100,1873
DA:102,1873
DA:104,1873
DA:111,1873
DA:113,1873
DA:114,7
DA:115,7
DA:117,1873
DA:118,6
DA:119,6
DA:121,1873
DA:122,8
DA:123,8
DA:125,1873
DA:127,1873
DA:131,1
DA:132,1
DA:133,1
DA:137,7
DA:138,7
DA:151,25
DA:153,25
DA:155,25
LF:38
LH:38
BRDA:43,0,0,9
BRDA:43,0,1,7
BRDA:57,1,0,1
BRDA:57,1,1,1868
BRDA:90,2,0,2
BRDA:90,2,1,1861
BRDA:113,3,0,7
BRDA:113,3,1,1866
BRDA:113,4,0,1873
BRDA:113,4,1,1871
BRDA:117,5,0,6
BRDA:117,5,1,1867
BRDA:117,6,0,1873
BRDA:117,6,1,1871
BRDA:121,7,0,8
BRDA:121,7,1,1865
BRDA:121,8,0,1873
BRDA:121,8,1,1871
BRDA:138,9,0,7
BRDA:138,9,1,3
BRDA:156,10,0,25
BRDA:156,10,1,25
BRF:22
BRH:22
end_of_record
TN:
SF:/Users/melkor/www/react.countdown/src/renderer.js
FN:6,(anonymous_0)
FNF:1
FNH:1
FNDA:23,(anonymous_0)
DA:6,1
DA:7,23
LF:2
LH:2
BRF:0
BRH:0
end_of_record
TN:
SF:/Users/melkor/www/react.countdown/src/utils.js
FN:1,doubleDigit
FNF:1
FNH:1
FNDA:72,doubleDigit
DA:2,72
LF:1
LH:1
BRF:0
BRH:0
end_of_record
