TN:
SF:/Users/melkor/www/react-downcount/src/consts.js
FNF:0
FNH:0
DA:1,1
DA:2,1
DA:3,1
DA:4,1
LF:4
LH:4
BRF:0
BRH:0
end_of_record
TN:
SF:/Users/melkor/www/react-downcount/src/index.js
FN:43,(anonymous_0)
FN:53,(anonymous_1)
FN:57,(anonymous_2)
FN:64,(anonymous_3)
FN:68,(anonymous_4)
FN:87,(anonymous_5)
FN:91,(anonymous_6)
FN:101,(anonymous_7)
FN:133,(anonymous_8)
FN:141,(anonymous_9)
FN:146,(anonymous_10)
FNF:11
FNH:11
FNDA:20,(anonymous_0)
FNDA:16,(anonymous_1)
FNDA:1977,(anonymous_2)
FNDA:1,(anonymous_3)
FNDA:17,(anonymous_4)
FNDA:11,(anonymous_5)
FNDA:1970,(anonymous_6)
FNDA:1982,(anonymous_7)
FNDA:9,(anonymous_8)
FNDA:7,(anonymous_9)
FNDA:36,(anonymous_10)
DA:13,1
DA:44,20
DA:45,12
DA:47,8
DA:54,16
DA:58,1977
DA:59,1
DA:60,1
DA:65,1
DA:88,11
DA:92,1970
DA:93,1970
DA:94,2
DA:95,2
DA:97,1968
DA:103,1982
DA:105,1982
DA:107,1982
DA:114,1982
DA:116,1982
DA:117,8
DA:118,8
DA:120,1982
DA:121,7
DA:122,7
DA:124,1982
DA:125,10
DA:126,10
DA:128,1982
DA:130,1982
DA:134,9
DA:135,9
DA:136,2
DA:137,2
DA:142,7
DA:143,7
DA:156,36
DA:158,36
DA:160,36
LF:39
LH:39
BRDA:44,0,0,12
BRDA:44,0,1,8
BRDA:58,1,0,1
BRDA:58,1,1,1976
BRDA:93,2,0,2
BRDA:93,2,1,1968
BRDA:116,3,0,8
BRDA:116,3,1,1974
BRDA:116,4,0,1982
BRDA:116,4,1,1980
BRDA:120,5,0,7
BRDA:120,5,1,1975
BRDA:120,6,0,1982
BRDA:120,6,1,1980
BRDA:124,7,0,10
BRDA:124,7,1,1972
BRDA:124,8,0,1982
BRDA:124,8,1,1980
BRDA:133,9,0,1
BRDA:133,10,0,1
BRDA:135,11,0,2
BRDA:135,11,1,7
BRDA:143,12,0,7
BRDA:143,12,1,3
BRDA:161,13,0,36
BRDA:161,13,1,36
BRF:26
BRH:26
end_of_record
TN:
SF:/Users/melkor/www/react-downcount/src/renderer.js
FN:6,(anonymous_0)
FNF:1
FNH:1
FNDA:34,(anonymous_0)
DA:6,1
DA:7,34
LF:2
LH:2
BRF:0
BRH:0
end_of_record
TN:
SF:/Users/melkor/www/react-downcount/src/utils.js
FN:1,doubleDigit
FNF:1
FNH:1
FNDA:105,doubleDigit
DA:2,105
LF:1
LH:1
BRF:0
BRH:0
end_of_record
